
=== Wed Jul 31 18:48:18 2024

Packages were changed.
Update Mode: mergeDefaultDependencies

The following packages were added:
  com.unity.modules.ai@1.0.0
  com.unity.modules.androidjni@1.0.0
  com.unity.modules.animation@1.0.0
  com.unity.modules.assetbundle@1.0.0
  com.unity.modules.audio@1.0.0
  com.unity.modules.cloth@1.0.0
  com.unity.modules.director@1.0.0
  com.unity.modules.imageconversion@1.0.0
  com.unity.modules.imgui@1.0.0
  com.unity.modules.jsonserialize@1.0.0
  com.unity.modules.particlesystem@1.0.0
  com.unity.modules.physics@1.0.0
  com.unity.modules.physics2d@1.0.0
  com.unity.modules.screencapture@1.0.0
  com.unity.modules.terrain@1.0.0
  com.unity.modules.terrainphysics@1.0.0
  com.unity.modules.tilemap@1.0.0
  com.unity.modules.ui@1.0.0
  com.unity.modules.uielements@1.0.0
  com.unity.modules.umbra@1.0.0
  com.unity.modules.unityanalytics@1.0.0
  com.unity.modules.unitywebrequest@1.0.0
  com.unity.modules.unitywebrequestassetbundle@1.0.0
  com.unity.modules.unitywebrequestaudio@1.0.0
  com.unity.modules.unitywebrequesttexture@1.0.0
  com.unity.modules.unitywebrequestwww@1.0.0
  com.unity.modules.vehicles@1.0.0
  com.unity.modules.video@1.0.0
  com.unity.modules.vr@1.0.0
  com.unity.modules.wind@1.0.0
  com.unity.modules.xr@1.0.0
The following packages were updated:
  com.unity.collab-proxy from version 1.13.5 to 2.3.1
  com.unity.timeline from version 1.6.2 to 1.7.6
  com.unity.visualscripting from version 1.7.6 to 1.9.4

=== Wed Jul 31 19:08:14 2024

Packages were changed.
Update Mode: updateDependencies

The following packages were updated:
  com.unity.cinemachine from version 2.9.5 to 2.10.0
  com.unity.inputsystem from version 1.3.0 to 1.7.0
  com.unity.render-pipelines.universal from version 12.1.6 to 14.0.11

=== Wed Jul 31 19:08:14 2024

Packages were changed.
Update Mode: mergeDefaultDependencies

The following packages were added:
  com.unity.cinemachine@2.10.0
  com.unity.inputsystem@1.7.0
  com.unity.render-pipelines.universal@14.0.11

=== Wed Jul 31 19:13:25 2024

Packages were changed.
Update Mode: updateDependencies

The following packages were updated:
  com.unity.cinemachine from version 2.9.5 to 2.10.0
  com.unity.inputsystem from version 1.3.0 to 1.7.0
  com.unity.render-pipelines.universal from version 12.1.6 to 14.0.11

=== Wed Jul 31 23:30:45 2024

Packages were changed.
Update Mode: updateDependencies

The following packages were updated:
  com.unity.cinemachine from version 2.9.5 to 2.10.0
  com.unity.inputsystem from version 1.3.0 to 1.7.0
  com.unity.render-pipelines.universal from version 12.1.6 to 14.0.11

=== Thu Aug  1 01:50:03 2024

Packages were changed.
Update Mode: updateDependencies

The following packages were updated:
  com.unity.cinemachine from version 2.9.5 to 2.10.0
  com.unity.inputsystem from version 1.3.0 to 1.7.0
  com.unity.render-pipelines.universal from version 12.1.6 to 14.0.11

=== Thu Aug  1 02:51:42 2024

Packages were changed.
Update Mode: updateDependencies

The following packages were updated:
  com.unity.cinemachine from version 2.6.11 to 2.10.0
  com.unity.collab-proxy from version 1.5.7 to 2.3.1
  com.unity.ide.rider from version 2.0.7 to 3.0.28
  com.unity.ide.visualstudio from version 2.0.9 to 2.0.22
  com.unity.ide.vscode from version 1.2.3 to 1.2.5
  com.unity.mobile.android-logcat from version 1.2.2 to 1.4.2
  com.unity.mobile.notifications from version 1.3.2 to 2.3.2
  com.unity.probuilder from version 4.5.2 to 5.2.2
  com.unity.test-framework from version 1.1.26 to 1.1.33
  com.unity.timeline from version 1.4.8 to 1.7.6

=== Thu Aug  1 02:51:42 2024

Packages were changed.
Update Mode: mergeDefaultDependencies

The following packages were added:
  com.unity.2d.sprite@1.0.0
  com.unity.ide.rider@3.0.28
  com.unity.ide.visualstudio@2.0.22
  com.unity.ide.vscode@1.2.5
  com.unity.mobile.android-logcat@1.4.2
  com.unity.mobile.notifications@2.3.2
  com.unity.probuilder@5.2.2
  com.unity.test-framework@1.1.33

=== Wed Aug 21 23:36:25 2024

Packages were changed.
Update Mode: updateDependencies

The following packages were updated:
  com.unity.addressables from version 1.21.19 to 1.21.21

=== Wed Aug 21 23:36:25 2024

Packages were changed.
Update Mode: mergeDefaultDependencies

The following packages were added:
  com.unity.addressables@1.21.21
  com.unity.localization@1.5.2
